2025-10-02 13:28:23,772 - ai_analysis_engine.orchestrator.orchestrator - INFO - Orchestrator initialized successfully
2025-10-02 13:28:23,773 - ai_analysis_engine.orchestrator.orchestrator - INFO - Starting analysis for evaluation_result_id: 3
2025-10-02 13:28:23,936 - ai_analysis_engine.orchestrator.orchestrator - INFO - Task DF mode - Algorithm ID: 3
2025-10-02 13:28:23,938 - ai_analysis_engine.orchestrator.orchestrator - INFO - Retrieved algorithm output for task DF: True
2025-10-02 13:28:23,939 - ai_analysis_engine.orchestrator.orchestrator - INFO - Retrieved core output for task DF: True
2025-10-02 13:28:23,939 - ai_analysis_engine.orchestrator.orchestrator - INFO - Loaded evaluation data: 20 records
2025-10-02 13:28:23,940 - ai_analysis_engine.orchestrator.orchestrator - INFO - Running performance analysis...
2025-10-02 13:28:25,604 - ai_analysis_engine.orchestrator.orchestrator - INFO - Performance analysis completed: {'total_samples': 20, 'accuracy': 0.45, 'correct_predictions': 9, 'incorrect_predictions': 11}
2025-10-02 13:28:25,604 - ai_analysis_engine.orchestrator.orchestrator - INFO - Running instance analysis...
2025-10-02 13:28:26,665 - ai_analysis_engine.orchestrator.orchestrator - ERROR - Instance analysis failed: 'InstanceAnalyzer' object has no attribute '_resolve_algorithm_output_csv'
Traceback (most recent call last):
  File "C:\workspace\ImproveAlgorithmDevelopment\ai_analysis_engine\src\ai_analysis_engine\orchestrator\orchestrator.py", line 193, in run_analysis_by_evaluation_result
    instance_results = self.instance_analyzer.analyze_instances(
  File "C:\workspace\ImproveAlgorithmDevelopment\ai_analysis_engine\src\ai_analysis_engine\instance_analyzer\instance_analyzer.py", line 56, in analyze_instances
    algorithm_outputs = [
  File "C:\workspace\ImproveAlgorithmDevelopment\ai_analysis_engine\src\ai_analysis_engine\instance_analyzer\instance_analyzer.py", line 57, in <listcomp>
    self._resolve_algorithm_output_csv(algorithm_output=algo_data)
AttributeError: 'InstanceAnalyzer' object has no attribute '_resolve_algorithm_output_csv'
2025-10-02 13:28:26,690 - ai_analysis_engine.orchestrator.orchestrator - INFO - Final report generated: C:\workspace\ImproveAlgorithmDevelopment\ai_analysis_engine\outputs\analysis_report_20251002_132823\summary\summary.md
2025-10-02 13:28:26,701 - ai_analysis_engine.orchestrator.orchestrator - INFO - Results saved to DataWareHouse: analysis_result_id=65
2025-10-02 13:28:26,701 - ai_analysis_engine.orchestrator.orchestrator - INFO - Analysis completed successfully
