2025-09-29 15:21:08,941 - ai_analysis_engine.orchestrator.orchestrator - INFO - Orchestrator initialized successfully
2025-09-29 15:21:08,941 - ai_analysis_engine.orchestrator.orchestrator - INFO - Starting analysis for evaluation_result_id: 3
2025-09-29 15:21:08,973 - ai_analysis_engine.orchestrator.orchestrator - INFO - Task DF mode - Algorithm ID: 3
2025-09-29 15:21:08,975 - ai_analysis_engine.orchestrator.orchestrator - INFO - Retrieved algorithm output for task DF: True
2025-09-29 15:21:08,975 - ai_analysis_engine.orchestrator.orchestrator - INFO - Retrieved core output for task DF: True
2025-09-29 15:21:08,976 - ai_analysis_engine.orchestrator.orchestrator - INFO - Loaded evaluation data: 20 records
2025-09-29 15:21:08,976 - ai_analysis_engine.orchestrator.orchestrator - INFO - Running performance analysis...
2025-09-29 15:21:09,527 - ai_analysis_engine.orchestrator.orchestrator - INFO - Performance analysis completed: {'total_samples': 20, 'accuracy': 0.45, 'correct_predictions': 9, 'incorrect_predictions': 11}
2025-09-29 15:21:09,527 - ai_analysis_engine.orchestrator.orchestrator - INFO - Running instance analysis...
2025-09-29 15:38:18,865 - ai_analysis_engine.orchestrator.orchestrator - INFO - Instance analysis completed: 11 instances analyzed
2025-09-29 15:38:18,865 - ai_analysis_engine.orchestrator.orchestrator - ERROR - Analysis failed: 'str' object has no attribute 'get'
Traceback (most recent call last):
  File "C:\workspace\ImproveAlgorithmDevelopment\ai_analysis_engine\src\ai_analysis_engine\orchestrator\orchestrator.py", line 197, in run_analysis_by_evaluation_result
    integrated_results = self._integrate_results(performance_results, instance_results)
  File "C:\workspace\ImproveAlgorithmDevelopment\ai_analysis_engine\src\ai_analysis_engine\orchestrator\orchestrator.py", line 370, in _integrate_results
    'recommendations': self._generate_recommendations(performance_results, instance_results),
  File "C:\workspace\ImproveAlgorithmDevelopment\ai_analysis_engine\src\ai_analysis_engine\orchestrator\orchestrator.py", line 391, in _generate_recommendations
    error_instances = [res for res in instance_results if isinstance(res, dict) and res.get('summary', {}).get('has_errors')]
  File "C:\workspace\ImproveAlgorithmDevelopment\ai_analysis_engine\src\ai_analysis_engine\orchestrator\orchestrator.py", line 391, in <listcomp>
    error_instances = [res for res in instance_results if isinstance(res, dict) and res.get('summary', {}).get('has_errors')]
AttributeError: 'str' object has no attribute 'get'
