2025-10-01 15:39:34,475 - ai_analysis_engine.orchestrator.orchestrator - INFO - Orchestrator initialized successfully
2025-10-01 15:39:34,476 - ai_analysis_engine.orchestrator.orchestrator - INFO - Starting analysis for evaluation_result_id: 3
2025-10-01 15:39:34,505 - ai_analysis_engine.orchestrator.orchestrator - INFO - Task DF mode - Algorithm ID: 3
2025-10-01 15:39:34,507 - ai_analysis_engine.orchestrator.orchestrator - INFO - Retrieved algorithm output for task DF: True
2025-10-01 15:39:34,508 - ai_analysis_engine.orchestrator.orchestrator - INFO - Retrieved core output for task DF: True
2025-10-01 15:39:34,508 - ai_analysis_engine.orchestrator.orchestrator - INFO - Loaded evaluation data: 20 records
2025-10-01 15:39:34,508 - ai_analysis_engine.orchestrator.orchestrator - INFO - Running performance analysis...
2025-10-01 15:39:34,509 - ai_analysis_engine.performance_analyzer.performance_analyzer - INFO - Starting performance analysis
2025-10-01 15:39:34,939 - ai_analysis_engine.performance_analyzer.performance_analyzer - INFO - Performance analysis completed: {'total_samples': 20, 'accuracy': 0.45, 'correct_predictions': 9, 'incorrect_predictions': 11}
2025-10-01 15:39:34,939 - ai_analysis_engine.orchestrator.orchestrator - INFO - Performance analysis completed: {'total_samples': 20, 'accuracy': 0.45, 'correct_predictions': 9, 'incorrect_predictions': 11}
2025-10-01 15:39:34,939 - ai_analysis_engine.orchestrator.orchestrator - INFO - Running instance analysis...
2025-10-01 15:39:34,939 - ai_analysis_engine.instance_analyzer.instance_analyzer - INFO - Starting legacy instance analysis via adapter
2025-10-01 15:39:34,939 - ai_analysis_engine.instance_analyzer.instance_analyzer - INFO - evaluation_data keys: ['metadata', 'data', 'evaluation_result_id', 'algorithm_outputs', 'core_outputs']
2025-10-01 15:39:34,942 - ai_analysis_engine.ai_analysis_engine.instance_analyzer.main - INFO - Initializing AI Analysis Engine...
2025-10-01 15:39:35,244 - ai_analysis_engine.ai_analysis_engine.instance_analyzer.main - ERROR - Failed to initialize AI Analysis Engine: unexpected indent (reporter_agent.py, line 825)
2025-10-01 15:39:35,244 - ai_analysis_engine.orchestrator.orchestrator - ERROR - Instance analysis failed: Engine initialization failed: Failed to initialize internal engine
Traceback (most recent call last):
  File "C:\workspace\ImproveAlgorithmDevelopment\ai_analysis_engine\src\ai_analysis_engine\instance_analyzer\library_api.py", line 85, in initialize
    raise InitializationError("Failed to initialize internal engine")
ai_analysis_engine.instance_analyzer.exceptions.InitializationError: Failed to initialize internal engine

During handling of the above exception, another exception occurred:

Traceback (most recent call last):
  File "C:\workspace\ImproveAlgorithmDevelopment\ai_analysis_engine\src\ai_analysis_engine\orchestrator\orchestrator.py", line 193, in run_analysis_by_evaluation_result
    instance_results = self.instance_analyzer.analyze_instances(
  File "C:\workspace\ImproveAlgorithmDevelopment\ai_analysis_engine\src\ai_analysis_engine\instance_analyzer\instance_analyzer.py", line 44, in analyze_instances
    self._ensure_engine_initialized()
  File "C:\workspace\ImproveAlgorithmDevelopment\ai_analysis_engine\src\ai_analysis_engine\instance_analyzer\instance_analyzer.py", line 277, in _ensure_engine_initialized
    if not self._engine.initialize(**resources):
  File "C:\workspace\ImproveAlgorithmDevelopment\ai_analysis_engine\src\ai_analysis_engine\instance_analyzer\library_api.py", line 100, in initialize
    raise InitializationError(f"Engine initialization failed: {e}")
ai_analysis_engine.instance_analyzer.exceptions.InitializationError: Engine initialization failed: Failed to initialize internal engine
2025-10-01 15:39:35,252 - ai_analysis_engine.orchestrator.orchestrator - INFO - Final report generated: C:\workspace\ImproveAlgorithmDevelopment\ai_analysis_engine\outputs\analysis_report_20251001_153934\summary\summary.md
2025-10-01 15:39:35,261 - ai_analysis_engine.orchestrator.orchestrator - INFO - Results saved to DataWareHouse: analysis_result_id=62
2025-10-01 15:39:35,262 - ai_analysis_engine.orchestrator.orchestrator - INFO - Analysis completed successfully
